<?xml version="1.0" encoding="UTF-8"?>
<!-- Generated by org.testng.reporters.JUnitReportReporter -->
<testsuite hostname="AAHIDDGM4N53" failures="0" tests="1" name="CucumberDemo.CucumberDemo.AppTest" time="0.013" errors="0" timestamp="15 Jan 2022 08:10:41 GMT" skipped="0">
  <testcase classname="CucumberDemo.CucumberDemo.AppTest" name="shouldAnswerWithTrue" time="0.013"/>
</testsuite> <!-- CucumberDemo.CucumberDemo.AppTest -->
